<?xml version="1.0" encoding="UTF-8"?>
<testsuite xmlns:xsi="http://www.w3.org/2001/XMLSchema-instance" xsi:noNamespaceSchemaLocation="https://maven.apache.org/surefire/maven-surefire-plugin/xsd/surefire-test-report-3.0.xsd" version="3.0" name="com.devops.app.DevopsApplicationTests" time="7.324" tests="1" errors="0" skipped="0" failures="0">
  <properties>
[...]
</properties>
  <testcase name="contextLoads" classname="com.devops.app.DevopsApplicationTests" time="1.628">
    <system-out><![CDATA[16:37:09.012 [main] INFO org.springframework.test.context.support.AnnotationConfigContextLoaderUtils -- Could not detect default configuration classes for test class [com.devops.app.DevopsApplicationTests]: DevopsApplicationTests does not declare any static, non-private, non-final, nested classes annotated with @Configuration.
16:37:09.200 [main] INFO org.springframework.boot.test.context.SpringBootTestContextBootstrapper -- Found @SpringBootConfiguration com.devops.app.DevopsApplication for test class com.devops.app.DevopsApplicationTests

  .   ____          _            __ _ _
 /\\ / ___'_ __ _ _(_)_ __  __ _ \ \ \ \
( ( )\___ | '_ | '_| | '_ \/ _` | \ \ \ \
 \\/  ___)| |_)| | | | | || (_| |  ) ) ) )
  '  |____| .__|_| |_|_| |_\__, | / / / /
 =========|_|==============|___/=/_/_/_/

 :: Spring Boot ::                (v3.3.5)

2026-09-06T16:37:10.367+05:30  INFO 25556 --- [           main] com.devops.app.DevopsApplicationTests    : Starting DevopsApplicationTests using Java 21.0.12.1 with PID 25556 (started by Surya Teja in C:\Users\Surya Teja\OneDrive\Desktop\cicd\devops-cicd-pipeline)
2026-09-06T16:37:10.376+05:30  INFO 25556 --- [           main] com.devops.app.DevopsApplicationTests    : No active profile set, falling back to 1 default profile: "default"
2026-09-06T16:37:14.394+05:30  INFO 25556 --- [           main] com.devops.app.DevopsApplicationTests    : Started DevopsApplicationTests in 4.871 seconds (process running for 6.37)
]]></system-out>
    <system-err><![CDATA[WARNING: A Java agent has been loaded dynamically (C:\Users\Surya Teja\.m2\repository\net\bytebuddy\byte-buddy-agent\1.14.19\byte-buddy-agent-1.14.19.jar)
WARNING: If a serviceability tool is in use, please run with -XX:+EnableDynamicAgentLoading to hide this warning
WARNING: If a serviceability tool is not in use, please run with -Djdk.instrument.traceUsage for more information
WARNING: Dynamic loading of agents will be disallowed by default in a future release
]]></system-err>
  </testcase>
</testsuite>